                        .module init.c
                        .area text(rom, con, rel)
 0000                   .dbfile D:\yang-home-shanghai\smarthome\门禁系统资料\code\init.c
 0000                   .dbfunc e port_init _port_init fV
                        .even
 0000           _port_init::
 0000                   .dbline -1
 0000                   .dbline 5
 0000           ; #include<iom16v.h>
 0000           ; #include <macros.h>
 0000           ; 
 0000           ; void port_init(void)
 0000           ; {
 0000                   .dbline 9
 0000           ;  //PORTA = 0xff;
 0000           ;  //DDRA = 0x00;
 0000           ;  //PORTB = 0xff;
 0000           ;  DDRB = 0xff;
 0000 8FEF              ldi R24,255
 0002 87BB              out 0x17,R24
 0004                   .dbline 12
 0004           ;  //PORTC = 0xff;
 0004           ;  //DDRC = 0x00;
 0004           ;  PORTD = 0xff;
 0004 82BB              out 0x12,R24
 0006                   .dbline 13
 0006           ;  DDRD = 0x00;
 0006 2224              clr R2
 0008 21BA              out 0x11,R2
 000A                   .dbline -2
 000A           L1:
 000A                   .dbline 0 ; func end
 000A 0895              ret
 000C                   .dbend
