                        .module init.c
                        .area text(rom, con, rel)
 0000                   .dbfile Z:\yang-home-shanghai\smarthome\门禁系统资料\code\init.c
 0000                   .dbfunc e port_init _port_init fV
                        .even
 0000           _port_init::
 0000                   .dbline -1
 0000                   .dbline 5
 0000           ; #include<iom16v.h>
 0000           ; #include <macros.h>
 0000           ; 
 0000           ; void port_init(void)
 0000           ; {
 0000                   .dbline 9
 0000           ;  //PORTA = 0xff;
 0000           ;  //DDRA = 0x00;
 0000           ;  //PORTB = 0xff;
 0000           ;  DDRB = 0xff;
 0000 8FEF              ldi R24,255
 0002 87BB              out 0x17,R24
 0004                   .dbline -2
 0004           L1:
 0004                   .dbline 0 ; func end
 0004 0895              ret
 0006                   .dbend
