                        .module util.c
                        .area text(rom, con, rel)
 0000                   .dbfile Z:\yang-home-shanghai\smarthome\门禁系统资料\code\util.c
 0000                   .dbfunc e delay_ms _delay_ms fV
 0000           ;              i -> R20,R21
 0000           ;              j -> R22,R23
 0000           ;             ms -> R16,R17
                        .even
 0000           _delay_ms::
 0000 0E940000          xcall push_gset2
 0004                   .dbline -1
 0004                   .dbline 8
 0004           ; #include <stdio.h>
 0004           ; #include <string.h>
 0004           ; #include <stdlib.h>
 0004           ; 
 0004           ; #include "util.h"
 0004           ; 
 0004           ; void delay_ms(int ms)
 0004           ; {
 0004                   .dbline 10
 0004           ;     int i,j;                  
 0004           ;     for(i=0;i<ms;i++)
 0004 4427              clr R20
 0006 5527              clr R21
 0008 0AC0              xjmp L5
 000A           L2:
 000A                   .dbline 11
 000A           ;     {
 000A                   .dbline 12
 000A           ;        for(j=0;j<1140;j++)
 000A 6627              clr R22
 000C 7727              clr R23
 000E           L6:
 000E                   .dbline 13
 000E           L7:
 000E                   .dbline 12
 000E 6F5F              subi R22,255  ; offset = 1
 0010 7F4F              sbci R23,255
 0012                   .dbline 12
 0012 6437              cpi R22,116
 0014 E4E0              ldi R30,4
 0016 7E07              cpc R23,R30
 0018 D4F3              brlt L6
 001A                   .dbline 14
 001A           L3:
 001A                   .dbline 10
 001A 4F5F              subi R20,255  ; offset = 1
 001C 5F4F              sbci R21,255
 001E           L5:
 001E                   .dbline 10
 001E 4017              cp R20,R16
 0020 5107              cpc R21,R17
 0022 9CF3              brlt L2
 0024                   .dbline -2
 0024           L1:
 0024 0E940000          xcall pop_gset2
 0028                   .dbline 0 ; func end
 0028 0895              ret
 002A                   .dbsym r i 20 I
 002A                   .dbsym r j 22 I
 002A                   .dbsym r ms 16 I
 002A                   .dbend
